0 info it worked if it ends with ok
1 verbose cli [ '/usr/local/bin/node', '/usr/local/bin/npm', 'run', 'test' ]
2 info using npm@4.1.2
3 info using node@v7.7.2
4 verbose run-script [ 'pretest', 'test', 'posttest' ]
5 info lifecycle react-generator@0.0.9~pretest: react-generator@0.0.9
6 silly lifecycle react-generator@0.0.9~pretest: no script for pretest, continuing
7 info lifecycle react-generator@0.0.9~test: react-generator@0.0.9
8 verbose lifecycle react-generator@0.0.9~test: unsafe-perm in lifecycle true
9 verbose lifecycle react-generator@0.0.9~test: PATH: /usr/local/lib/node_modules/npm/bin/node-gyp-bin:/Users/juliuskoronci/WebstormProjects/ReactBashHelpers/node_modules/.bin:/usr/local/php5/bin:/usr/local/bin:/usr/bin:/bin:/usr/sbin:/sbin
10 verbose lifecycle react-generator@0.0.9~test: CWD: /Users/juliuskoronci/WebstormProjects/ReactBashHelpers
11 silly lifecycle react-generator@0.0.9~test: Args: [ '-c', 'jest' ]
12 silly lifecycle react-generator@0.0.9~test: Returned: code: 1  signal: null
13 info lifecycle react-generator@0.0.9~test: Failed to exec test script
14 verbose stack Error: react-generator@0.0.9 test: `jest`
14 verbose stack Exit status 1
14 verbose stack     at EventEmitter.<anonymous> (/usr/local/lib/node_modules/npm/lib/utils/lifecycle.js:279:16)
14 verbose stack     at emitTwo (events.js:106:13)
14 verbose stack     at EventEmitter.emit (events.js:194:7)
14 verbose stack     at ChildProcess.<anonymous> (/usr/local/lib/node_modules/npm/lib/utils/spawn.js:40:14)
14 verbose stack     at emitTwo (events.js:106:13)
14 verbose stack     at ChildProcess.emit (events.js:194:7)
14 verbose stack     at maybeClose (internal/child_process.js:899:16)
14 verbose stack     at Process.ChildProcess._handle.onexit (internal/child_process.js:226:5)
15 verbose pkgid react-generator@0.0.9
16 verbose cwd /Users/juliuskoronci/WebstormProjects/ReactBashHelpers
17 error Darwin 16.6.0
18 error argv "/usr/local/bin/node" "/usr/local/bin/npm" "run" "test"
19 error node v7.7.2
20 error npm  v4.1.2
21 error code ELIFECYCLE
22 error react-generator@0.0.9 test: `jest`
22 error Exit status 1
23 error Failed at the react-generator@0.0.9 test script 'jest'.
23 error Make sure you have the latest version of node.js and npm installed.
23 error If you do, this is most likely a problem with the react-generator package,
23 error not with npm itself.
23 error Tell the author that this fails on your system:
23 error     jest
23 error You can get information on how to open an issue for this project with:
23 error     npm bugs react-generator
23 error Or if that isn't available, you can get their info via:
23 error     npm owner ls react-generator
23 error There is likely additional logging output above.
24 verbose exit [ 1, true ]
